{
  "0 debug pnpm:scope": {
    "selected": 1
  },
  "1 error pnpm": {
    "code": "ELIFECYCLE",
    "errno": "ENOENT",
    "syscall": "spawn",
    "file": "sh",
    "pkgid": "vite-plugin-svelte-inspector@0.2.1",
    "stage": "build",
    "script": "rollup -c rollup.config.js",
    "pkgname": "vite-plugin-svelte-inspector",
    "err": {
      "name": "pnpm",
      "message": "vite-plugin-svelte-inspector@0.2.1 build: `rollup -c rollup.config.js`\nspawn ENOENT",
      "code": "ELIFECYCLE",
      "stack": "pnpm: vite-plugin-svelte-inspector@0.2.1 build: `rollup -c rollup.config.js`\nspawn ENOENT\n    at ChildProcess.<anonymous> (/Users/josh/Library/pnpm/global/5/.pnpm/pnpm@7.1.0/node_modules/pnpm/dist/pnpm.cjs:93448:22)\n    at ChildProcess.emit (node:events:527:28)\n    at maybeClose (node:internal/child_process:1090:16)\n    at Process.ChildProcess._handle.onexit (node:internal/child_process:302:5)"
    }
  },
  "2 warn pnpm:global": " Local package.json exists, but node_modules missing, did you mean to install?"
}